[0.009s] Invoking command in '/home/tathyab/clearpath_ws/project_clearpath/build/project_clearpath': CMAKE_PREFIX_PATH=${CMAKE_PREFIX_PATH}:/opt/ros/humble /usr/bin/cmake /home/tathyab/clearpath_ws/project_clearpath -DCMAKE_CXX_FLAGS=--coverage -DCMAKE_C_FLAGS=--coverage -DCMAKE_BUILD_TYPE=Debug -DCMAKE_INSTALL_PREFIX=/home/tathyab/clearpath_ws/project_clearpath/install/project_clearpath
[0.106s] -- The C compiler identification is GNU 11.4.0
[0.166s] -- The CXX compiler identification is GNU 7.5.0
[0.173s] -- Detecting C compiler ABI info
[0.243s] -- Detecting C compiler ABI info - done
[0.252s] -- Check for working C compiler: /usr/bin/cc - skipped
[0.252s] -- Detecting C compile features
[0.253s] -- Detecting C compile features - done
[0.256s] -- Detecting CXX compiler ABI info
[0.345s] -- Detecting CXX compiler ABI info - done
[0.355s] -- Check for working CXX compiler: /usr/bin/c++ - skipped
[0.355s] -- Detecting CXX compile features
[0.356s] -- Detecting CXX compile features - done
[1.580s] -- Found Python3: /usr/bin/python3.10 (found version "3.10.12") found components: Interpreter 
[1.581s] -- Looking for pthread.h
[1.646s] -- Looking for pthread.h - found
[1.646s] -- Performing Test CMAKE_HAVE_LIBC_PTHREAD
[1.712s] -- Performing Test CMAKE_HAVE_LIBC_PTHREAD - Success
[1.713s] -- Found Threads: TRUE  
[1.722s] -- Found ament_cmake: 1.3.10 (/opt/ros/humble/share/ament_cmake/cmake)
[1.856s] -- Found Python3: /usr/bin/python3 (found version "3.10.12") found components: Interpreter 
[1.937s] -- Found std_msgs: 4.2.4 (/opt/ros/humble/share/std_msgs/cmake)
[1.971s] -- Found rosidl_generator_c: 3.1.5 (/opt/ros/humble/share/rosidl_generator_c/cmake)
[1.976s] -- Found rosidl_adapter: 3.1.5 (/opt/ros/humble/share/rosidl_adapter/cmake)
[1.984s] -- Found rosidl_generator_cpp: 3.1.5 (/opt/ros/humble/share/rosidl_generator_cpp/cmake)
[1.996s] -- Using all available rosidl_typesupport_c: rosidl_typesupport_fastrtps_c;rosidl_typesupport_introspection_c
[2.011s] -- Using all available rosidl_typesupport_cpp: rosidl_typesupport_fastrtps_cpp;rosidl_typesupport_introspection_cpp
[2.036s] -- Found sensor_msgs: 4.2.4 (/opt/ros/humble/share/sensor_msgs/cmake)
[2.067s] -- Found gazebo_ros: 3.7.0 (/opt/ros/humble/share/gazebo_ros/cmake)
[2.107s] -- Found rmw_implementation_cmake: 6.1.2 (/opt/ros/humble/share/rmw_implementation_cmake/cmake)
[2.109s] -- Found rmw_fastrtps_cpp: 6.2.7 (/opt/ros/humble/share/rmw_fastrtps_cpp/cmake)
[2.191s] -- Found OpenSSL: /usr/lib/x86_64-linux-gnu/libcrypto.so (found version "3.0.2")  
[2.218s] -- Found FastRTPS: /opt/ros/humble/include  
[2.266s] -- Using RMW implementation 'rmw_fastrtps_cpp' as default
[2.318s] -- Found PkgConfig: /usr/bin/pkg-config (found version "0.29.2") 
[2.319s] -- Checking for module 'bullet>=2.82'
[2.330s] --   Found bullet, version 3.05
[2.437s] -- Found fcl: /usr/include (found suitable version "0.7.0", minimum required is "0.5.0") 
[2.482s] -- Found assimp: /usr/include (found version "5.2.0") 
[2.500s] -- Found DART: /usr/include (Required is at least version "6.6") found components: dart 
[2.526s] -- Found Boost: /usr/lib/x86_64-linux-gnu/cmake/Boost-1.74.0/BoostConfig.cmake (found suitable version "1.74.0", minimum required is "1.40.0") found components: thread system filesystem program_options regex iostreams date_time 
[2.539s] -- Found Protobuf: /usr/lib/x86_64-linux-gnu/libprotobuf.so (found version "3.12.4") 
[2.543s] -- Looking for ignition-math6 -- found version 6.15.1
[2.549s] -- Searching for dependencies of ignition-math6
[2.550s] -- Looking for OGRE...
[2.550s] -- OGRE_PREFIX_WATCH changed.
[2.555s] -- Checking for module 'OGRE'
[2.565s] --   Found OGRE, version 1.9.0
[2.594s] -- Found Ogre Ghadamon (1.9.0)
[2.600s] -- Found OGRE: optimized;/usr/lib/x86_64-linux-gnu/libOgreMain.so;debug;/usr/lib/x86_64-linux-gnu/libOgreMain.so
[2.609s] -- Looking for OGRE_Paging...
[2.613s] -- Found OGRE_Paging: optimized;/usr/lib/x86_64-linux-gnu/libOgrePaging.so;debug;/usr/lib/x86_64-linux-gnu/libOgrePaging.so
[2.613s] -- Looking for OGRE_Terrain...
[2.617s] -- Found OGRE_Terrain: optimized;/usr/lib/x86_64-linux-gnu/libOgreTerrain.so;debug;/usr/lib/x86_64-linux-gnu/libOgreTerrain.so
[2.618s] -- Looking for OGRE_Property...
[2.622s] -- Found OGRE_Property: optimized;/usr/lib/x86_64-linux-gnu/libOgreProperty.so;debug;/usr/lib/x86_64-linux-gnu/libOgreProperty.so
[2.622s] -- Looking for OGRE_RTShaderSystem...
[2.626s] -- Found OGRE_RTShaderSystem: optimized;/usr/lib/x86_64-linux-gnu/libOgreRTShaderSystem.so;debug;/usr/lib/x86_64-linux-gnu/libOgreRTShaderSystem.so
[2.627s] -- Looking for OGRE_Volume...
[2.631s] -- Found OGRE_Volume: optimized;/usr/lib/x86_64-linux-gnu/libOgreVolume.so;debug;/usr/lib/x86_64-linux-gnu/libOgreVolume.so
[2.631s] -- Looking for OGRE_Overlay...
[2.635s] -- Found OGRE_Overlay: optimized;/usr/lib/x86_64-linux-gnu/libOgreOverlay.so;debug;/usr/lib/x86_64-linux-gnu/libOgreOverlay.so
[2.736s] -- Looking for ignition-math6 -- found version 6.15.1
[2.738s] -- Looking for ignition-transport8 -- found version 8.2.1
[2.738s] -- Searching for dependencies of ignition-transport8
[2.754s] -- Found Protobuf: /usr/lib/x86_64-linux-gnu/libprotobuf.so (found suitable version "3.12.4", minimum required is "3") 
[2.765s] -- Config-file not installed for ZeroMQ -- checking for pkg-config
[2.769s] -- Checking for module 'libzmq >= 4'
[2.781s] --   Found libzmq , version 4.3.4
[2.812s] -- Found ZeroMQ: TRUE (Required is at least version "4") 
[2.817s] -- Checking for module 'uuid'
[2.828s] --   Found uuid, version 2.37.2
[2.857s] -- Found UUID: TRUE  
[2.859s] -- Looking for ignition-msgs5 -- found version 5.8.1
[2.860s] -- Searching for dependencies of ignition-msgs5
[2.878s] -- Looking for ignition-math6 -- found version 6.15.1
[2.883s] -- Checking for module 'tinyxml2'
[2.894s] --   Found tinyxml2, version 9.0.0
[2.922s] -- Looking for ignition-msgs5 -- found version 5.8.1
[2.924s] -- Looking for ignition-common3 -- found version 3.14.0
[2.924s] -- Searching for dependencies of ignition-common3
[2.925s] -- Looking for dlfcn.h - found
[2.925s] -- Looking for libdl - found
[2.927s] -- Found DL: TRUE  
[2.937s] -- Found tinyobjloader: /usr/lib/x86_64-linux-gnu/cmake/tinyobjloader/tinyobjloader-config.cmake (found version "2.0.0") 
[2.937s] -- Searching for <ignition-common3> component [graphics]
[2.939s] -- Looking for ignition-common3-graphics -- found version 3.14.0
[2.940s] -- Searching for dependencies of ignition-common3-graphics
[2.940s] -- Looking for ignition-math6 -- found version 6.15.1
[2.943s] -- Looking for ignition-fuel_tools4 -- found version 4.4.0
[2.943s] -- Searching for dependencies of ignition-fuel_tools4
[3.009s] -- Found CURL: /usr/lib/x86_64-linux-gnu/libcurl.so (found version "7.81.0")  
[3.017s] -- Checking for module 'jsoncpp'
[3.029s] --   Found jsoncpp, version 1.9.5
[3.058s] -- Found JSONCPP: TRUE  
[3.063s] -- Checking for module 'libzip'
[3.073s] --   Found libzip, version 1.7.3
[3.102s] -- Found ZIP: TRUE  
[3.102s] -- Looking for ignition-common3 -- found version 3.14.0
[3.102s] -- Looking for ignition-math6 -- found version 6.15.1
[3.103s] -- Looking for ignition-msgs5 -- found version 5.8.1
[3.106s] -- Gazebo version: 11.10
[3.106s] -- Checking for module 'tbb'
[3.117s] --   Found tbb, version 2021.5.0
[3.148s] -- Found gazebo_msgs: 3.7.0 (/opt/ros/humble/share/gazebo_msgs/cmake)
[3.185s] -- Found nav_msgs: 4.2.4 (/opt/ros/humble/share/nav_msgs/cmake)
[3.201s] -- Found tf2_ros: 0.25.8 (/opt/ros/humble/share/tf2_ros/cmake)
[3.296s] -- Found image_transport: 3.1.9 (/opt/ros/humble/share/image_transport/cmake)
[3.315s] -- Found cv_bridge: 3.2.1 (/opt/ros/humble/share/cv_bridge/cmake)
[3.323s] -- Found rclpy: 3.3.14 (/opt/ros/humble/share/rclpy/cmake)
[3.325s] -- Found OpenCV: /usr/local (found version "4.7.0") 
[3.326s] -- Found rosidl_default_generators: 1.2.0 (/opt/ros/humble/share/rosidl_default_generators/cmake)
[3.336s] -- Found rosbag2_cpp: 0.15.12 (/opt/ros/humble/share/rosbag2_cpp/cmake)
[3.368s] -- Found Doxygen: /usr/bin/doxygen (found version "1.9.1") found components: doxygen dot 
[3.404s] [0mEnabling coverage[0m
[3.409s] -- Performing Test HAVE_fprofile_abs_path
[3.434s] -- Performing Test HAVE_fprofile_abs_path - Failed
[3.434s] -- Appending code coverage compiler flags: -g --coverage
[3.453s] -- Found ament_lint_auto: 0.12.11 (/opt/ros/humble/share/ament_lint_auto/cmake)
[3.703s] -- Added test 'cppcheck' to perform static code analysis on C / C++ code
[3.703s] -- Configured cppcheck include dirs: 
[3.703s] -- Configured cppcheck exclude dirs and/or files: 
[3.727s] -- Added test 'flake8' to check Python code syntax and style conventions
[3.770s] -- Added test 'lint_cmake' to check CMake code style
[3.793s] -- Added test 'pep257' to check Python code against some of the docstring style conventions in PEP 257
[3.978s] -- Added test 'uncrustify' to check C / C++ code style
[3.978s] -- Configured uncrustify additional arguments: 
[4.001s] -- Added test 'xmllint' to check XML markup files
[4.002s] -- CMAKE_BUILD_TYPE = Debug
[4.002s] -- WANT_COVERAGE    = ON
[4.002s] -- Configuring done
[4.071s] -- Generating done
[4.076s] -- Build files have been written to: /home/tathyab/clearpath_ws/project_clearpath/build/project_clearpath
[4.091s] Invoked command in '/home/tathyab/clearpath_ws/project_clearpath/build/project_clearpath' returned '0': CMAKE_PREFIX_PATH=${CMAKE_PREFIX_PATH}:/opt/ros/humble /usr/bin/cmake /home/tathyab/clearpath_ws/project_clearpath -DCMAKE_CXX_FLAGS=--coverage -DCMAKE_C_FLAGS=--coverage -DCMAKE_BUILD_TYPE=Debug -DCMAKE_INSTALL_PREFIX=/home/tathyab/clearpath_ws/project_clearpath/install/project_clearpath
[4.092s] Invoking command in '/home/tathyab/clearpath_ws/project_clearpath/build/project_clearpath': CMAKE_PREFIX_PATH=${CMAKE_PREFIX_PATH}:/opt/ros/humble /usr/bin/cmake --build /home/tathyab/clearpath_ws/project_clearpath/build/project_clearpath -- -j12 -l12
[4.139s] [ 23%] [32mBuilding CXX object _deps/googletest-build/googletest/CMakeFiles/gtest.dir/src/gtest-all.cc.o[0m
[4.140s] [ 23%] [32mBuilding CXX object libs/debris/CMakeFiles/myDebris.dir/debris_remover.cpp.o[0m
[4.140s] [ 23%] [32mBuilding CXX object libs/debris/CMakeFiles/myDebris.dir/debris_detection.cpp.o[0m
[8.647s] [ 30%] [32m[1mLinking CXX static library ../../../lib/libgtest.a[0m
[8.800s] [ 30%] Built target gtest
[8.822s] [ 46%] [32mBuilding CXX object _deps/googletest-build/googlemock/CMakeFiles/gmock.dir/src/gmock-all.cc.o[0m
[8.822s] [ 46%] [32mBuilding CXX object _deps/googletest-build/googletest/CMakeFiles/gtest_main.dir/src/gtest_main.cc.o[0m
[9.618s] [ 53%] [32m[1mLinking CXX static library ../../../lib/libgtest_main.a[0m
[9.689s] [ 53%] Built target gtest_main
[11.054s] [ 61%] [32m[1mLinking CXX static library ../../../lib/libgmock.a[0m
[11.137s] [ 61%] Built target gmock
[11.157s] [ 69%] [32mBuilding CXX object _deps/googletest-build/googlemock/CMakeFiles/gmock_main.dir/src/gmock_main.cc.o[0m
[12.095s] [ 76%] [32m[1mLinking CXX static library ../../../lib/libgmock_main.a[0m
[12.155s] [ 76%] Built target gmock_main
[19.230s] [ 84%] [32m[1mLinking CXX static library libmyDebris.a[0m
[19.685s] [ 84%] Built target myDebris
[19.719s] [ 92%] [32mBuilding CXX object app/CMakeFiles/collector_node.dir/main.cpp.o[0m
[25.589s] [100%] [32m[1mLinking CXX executable collector_node[0m
[26.711s] /usr/bin/ld: warning: libopencv_imgproc.so.4.5d, needed by /opt/ros/humble/lib/libcv_bridge.so, may conflict with libopencv_imgproc.so.407
[26.711s] /usr/bin/ld: warning: libopencv_core.so.4.5d, needed by /opt/ros/humble/lib/libcv_bridge.so, may conflict with libopencv_core.so.407
[26.724s] [100%] Built target collector_node
[26.736s] Invoked command in '/home/tathyab/clearpath_ws/project_clearpath/build/project_clearpath' returned '0': CMAKE_PREFIX_PATH=${CMAKE_PREFIX_PATH}:/opt/ros/humble /usr/bin/cmake --build /home/tathyab/clearpath_ws/project_clearpath/build/project_clearpath -- -j12 -l12
[26.774s] Invoking command in '/home/tathyab/clearpath_ws/project_clearpath/build/project_clearpath': CMAKE_PREFIX_PATH=${CMAKE_PREFIX_PATH}:/opt/ros/humble /usr/bin/cmake --install /home/tathyab/clearpath_ws/project_clearpath/build/project_clearpath
[26.781s] -- Install configuration: "Debug"
[26.782s] -- Installing: /home/tathyab/clearpath_ws/project_clearpath/install/project_clearpath/share/project_clearpath//launch
[26.782s] -- Installing: /home/tathyab/clearpath_ws/project_clearpath/install/project_clearpath/share/project_clearpath//launch/collector_robot.launch.py
[26.782s] -- Installing: /home/tathyab/clearpath_ws/project_clearpath/install/project_clearpath/share/project_clearpath//launch/spawn_trash.launch.py
[26.782s] -- Installing: /home/tathyab/clearpath_ws/project_clearpath/install/project_clearpath/share/project_clearpath//launch/spawn_tbot3_custom.py
[26.782s] -- Installing: /home/tathyab/clearpath_ws/project_clearpath/install/project_clearpath/share/project_clearpath//models
[26.782s] -- Installing: /home/tathyab/clearpath_ws/project_clearpath/install/project_clearpath/share/project_clearpath//models/beer
[26.782s] -- Installing: /home/tathyab/clearpath_ws/project_clearpath/install/project_clearpath/share/project_clearpath//models/beer/model.sdf
[26.782s] -- Installing: /home/tathyab/clearpath_ws/project_clearpath/install/project_clearpath/share/project_clearpath//models/beer/model.config
[26.782s] -- Installing: /home/tathyab/clearpath_ws/project_clearpath/install/project_clearpath/share/project_clearpath//models/trash_block
[26.783s] -- Installing: /home/tathyab/clearpath_ws/project_clearpath/install/project_clearpath/share/project_clearpath//models/trash_block/model.sdf
[26.783s] -- Installing: /home/tathyab/clearpath_ws/project_clearpath/install/project_clearpath/share/project_clearpath//models/turtlebot3_waffle_pi
[26.783s] -- Installing: /home/tathyab/clearpath_ws/project_clearpath/install/project_clearpath/share/project_clearpath//models/turtlebot3_waffle_pi/model-1_4_.sdf
[26.783s] -- Installing: /home/tathyab/clearpath_ws/project_clearpath/install/project_clearpath/share/project_clearpath//models/turtlebot3_waffle_pi/model.sdf
[26.783s] -- Installing: /home/tathyab/clearpath_ws/project_clearpath/install/project_clearpath/share/project_clearpath//models/turtlebot3_waffle_pi/model.config
[26.783s] -- Installing: /home/tathyab/clearpath_ws/project_clearpath/install/project_clearpath/share/project_clearpath//worlds
[26.783s] -- Installing: /home/tathyab/clearpath_ws/project_clearpath/install/project_clearpath/share/project_clearpath//worlds/room2.world
[26.783s] -- Installing: /home/tathyab/clearpath_ws/project_clearpath/install/project_clearpath/share/project_clearpath//worlds/gazebo_ros_depth_camera_demo.world
[26.783s] -- Installing: /home/tathyab/clearpath_ws/project_clearpath/install/project_clearpath/share/project_clearpath//worlds/empty_world.world
[26.783s] -- Installing: /home/tathyab/clearpath_ws/project_clearpath/install/project_clearpath/share/project_clearpath//worlds/disaster_world.world
[26.783s] -- Installing: /home/tathyab/clearpath_ws/project_clearpath/install/project_clearpath/share/project_clearpath//urdf
[26.784s] -- Installing: /home/tathyab/clearpath_ws/project_clearpath/install/project_clearpath/share/project_clearpath//urdf/common_properties.urdf
[26.784s] -- Installing: /home/tathyab/clearpath_ws/project_clearpath/install/project_clearpath/share/project_clearpath//urdf/turtlebot3_waffle_pi.urdf
[26.784s] -- Installing: /home/tathyab/clearpath_ws/project_clearpath/install/project_clearpath/share/ament_index/resource_index/package_run_dependencies/project_clearpath
[26.784s] -- Installing: /home/tathyab/clearpath_ws/project_clearpath/install/project_clearpath/share/ament_index/resource_index/parent_prefix_path/project_clearpath
[26.784s] -- Installing: /home/tathyab/clearpath_ws/project_clearpath/install/project_clearpath/share/project_clearpath/environment/ament_prefix_path.sh
[26.784s] -- Installing: /home/tathyab/clearpath_ws/project_clearpath/install/project_clearpath/share/project_clearpath/environment/ament_prefix_path.dsv
[26.784s] -- Installing: /home/tathyab/clearpath_ws/project_clearpath/install/project_clearpath/share/project_clearpath/environment/path.sh
[26.785s] -- Installing: /home/tathyab/clearpath_ws/project_clearpath/install/project_clearpath/share/project_clearpath/environment/path.dsv
[26.785s] -- Installing: /home/tathyab/clearpath_ws/project_clearpath/install/project_clearpath/share/project_clearpath/local_setup.bash
[26.785s] -- Installing: /home/tathyab/clearpath_ws/project_clearpath/install/project_clearpath/share/project_clearpath/local_setup.sh
[26.785s] -- Installing: /home/tathyab/clearpath_ws/project_clearpath/install/project_clearpath/share/project_clearpath/local_setup.zsh
[26.785s] -- Installing: /home/tathyab/clearpath_ws/project_clearpath/install/project_clearpath/share/project_clearpath/local_setup.dsv
[26.785s] -- Installing: /home/tathyab/clearpath_ws/project_clearpath/install/project_clearpath/share/project_clearpath/package.dsv
[26.785s] -- Installing: /home/tathyab/clearpath_ws/project_clearpath/install/project_clearpath/share/ament_index/resource_index/packages/project_clearpath
[26.785s] -- Installing: /home/tathyab/clearpath_ws/project_clearpath/install/project_clearpath/share/project_clearpath/cmake/project_clearpathConfig.cmake
[26.786s] -- Installing: /home/tathyab/clearpath_ws/project_clearpath/install/project_clearpath/share/project_clearpath/cmake/project_clearpathConfig-version.cmake
[26.786s] -- Installing: /home/tathyab/clearpath_ws/project_clearpath/install/project_clearpath/share/project_clearpath/package.xml
[26.786s] -- Installing: /home/tathyab/clearpath_ws/project_clearpath/install/project_clearpath/include
[26.786s] -- Installing: /home/tathyab/clearpath_ws/project_clearpath/install/project_clearpath/include/gmock
[26.786s] -- Installing: /home/tathyab/clearpath_ws/project_clearpath/install/project_clearpath/include/gmock/gmock-more-actions.h
[26.787s] -- Installing: /home/tathyab/clearpath_ws/project_clearpath/install/project_clearpath/include/gmock/internal
[26.787s] -- Installing: /home/tathyab/clearpath_ws/project_clearpath/install/project_clearpath/include/gmock/internal/gmock-internal-utils.h
[26.787s] -- Installing: /home/tathyab/clearpath_ws/project_clearpath/install/project_clearpath/include/gmock/internal/custom
[26.787s] -- Installing: /home/tathyab/clearpath_ws/project_clearpath/install/project_clearpath/include/gmock/internal/custom/README.md
[26.787s] -- Installing: /home/tathyab/clearpath_ws/project_clearpath/install/project_clearpath/include/gmock/internal/custom/gmock-port.h
[26.787s] -- Installing: /home/tathyab/clearpath_ws/project_clearpath/install/project_clearpath/include/gmock/internal/custom/gmock-generated-actions.h
[26.787s] -- Installing: /home/tathyab/clearpath_ws/project_clearpath/install/project_clearpath/include/gmock/internal/custom/gmock-matchers.h
[26.788s] -- Installing: /home/tathyab/clearpath_ws/project_clearpath/install/project_clearpath/include/gmock/internal/gmock-pp.h
[26.788s] -- Installing: /home/tathyab/clearpath_ws/project_clearpath/install/project_clearpath/include/gmock/internal/gmock-port.h
[26.788s] -- Installing: /home/tathyab/clearpath_ws/project_clearpath/install/project_clearpath/include/gmock/gmock.h
[26.788s] -- Installing: /home/tathyab/clearpath_ws/project_clearpath/install/project_clearpath/include/gmock/gmock-spec-builders.h
[26.788s] -- Installing: /home/tathyab/clearpath_ws/project_clearpath/install/project_clearpath/include/gmock/gmock-function-mocker.h
[26.788s] -- Installing: /home/tathyab/clearpath_ws/project_clearpath/install/project_clearpath/include/gmock/gmock-more-matchers.h
[26.788s] -- Installing: /home/tathyab/clearpath_ws/project_clearpath/install/project_clearpath/include/gmock/gmock-matchers.h
[26.789s] -- Installing: /home/tathyab/clearpath_ws/project_clearpath/install/project_clearpath/include/gmock/gmock-actions.h
[26.789s] -- Installing: /home/tathyab/clearpath_ws/project_clearpath/install/project_clearpath/include/gmock/gmock-nice-strict.h
[26.789s] -- Installing: /home/tathyab/clearpath_ws/project_clearpath/install/project_clearpath/include/gmock/gmock-cardinalities.h
[26.789s] -- Installing: /home/tathyab/clearpath_ws/project_clearpath/install/project_clearpath/lib/libgmock.a
[26.793s] -- Installing: /home/tathyab/clearpath_ws/project_clearpath/install/project_clearpath/lib/libgmock_main.a
[26.793s] -- Installing: /home/tathyab/clearpath_ws/project_clearpath/install/project_clearpath/lib/pkgconfig/gmock.pc
[26.794s] -- Installing: /home/tathyab/clearpath_ws/project_clearpath/install/project_clearpath/lib/pkgconfig/gmock_main.pc
[26.794s] -- Installing: /home/tathyab/clearpath_ws/project_clearpath/install/project_clearpath/lib/cmake/GTest/GTestTargets.cmake
[26.794s] -- Installing: /home/tathyab/clearpath_ws/project_clearpath/install/project_clearpath/lib/cmake/GTest/GTestTargets-debug.cmake
[26.794s] -- Installing: /home/tathyab/clearpath_ws/project_clearpath/install/project_clearpath/lib/cmake/GTest/GTestConfigVersion.cmake
[26.795s] -- Installing: /home/tathyab/clearpath_ws/project_clearpath/install/project_clearpath/lib/cmake/GTest/GTestConfig.cmake
[26.795s] -- Up-to-date: /home/tathyab/clearpath_ws/project_clearpath/install/project_clearpath/include
[26.795s] -- Installing: /home/tathyab/clearpath_ws/project_clearpath/install/project_clearpath/include/gtest
[26.795s] -- Installing: /home/tathyab/clearpath_ws/project_clearpath/install/project_clearpath/include/gtest/gtest-message.h
[26.795s] -- Installing: /home/tathyab/clearpath_ws/project_clearpath/install/project_clearpath/include/gtest/gtest-assertion-result.h
[26.795s] -- Installing: /home/tathyab/clearpath_ws/project_clearpath/install/project_clearpath/include/gtest/internal
[26.796s] -- Installing: /home/tathyab/clearpath_ws/project_clearpath/install/project_clearpath/include/gtest/internal/gtest-param-util.h
[26.796s] -- Installing: /home/tathyab/clearpath_ws/project_clearpath/install/project_clearpath/include/gtest/internal/custom
[26.796s] -- Installing: /home/tathyab/clearpath_ws/project_clearpath/install/project_clearpath/include/gtest/internal/custom/README.md
[26.796s] -- Installing: /home/tathyab/clearpath_ws/project_clearpath/install/project_clearpath/include/gtest/internal/custom/gtest-printers.h
[26.796s] -- Installing: /home/tathyab/clearpath_ws/project_clearpath/install/project_clearpath/include/gtest/internal/custom/gtest-port.h
[26.796s] -- Installing: /home/tathyab/clearpath_ws/project_clearpath/install/project_clearpath/include/gtest/internal/custom/gtest.h
[26.796s] -- Installing: /home/tathyab/clearpath_ws/project_clearpath/install/project_clearpath/include/gtest/internal/gtest-port-arch.h
[26.796s] -- Installing: /home/tathyab/clearpath_ws/project_clearpath/install/project_clearpath/include/gtest/internal/gtest-filepath.h
[26.796s] -- Installing: /home/tathyab/clearpath_ws/project_clearpath/install/project_clearpath/include/gtest/internal/gtest-death-test-internal.h
[26.796s] -- Installing: /home/tathyab/clearpath_ws/project_clearpath/install/project_clearpath/include/gtest/internal/gtest-internal.h
[26.796s] -- Installing: /home/tathyab/clearpath_ws/project_clearpath/install/project_clearpath/include/gtest/internal/gtest-port.h
[26.797s] -- Installing: /home/tathyab/clearpath_ws/project_clearpath/install/project_clearpath/include/gtest/internal/gtest-string.h
[26.797s] -- Installing: /home/tathyab/clearpath_ws/project_clearpath/install/project_clearpath/include/gtest/internal/gtest-type-util.h
[26.797s] -- Installing: /home/tathyab/clearpath_ws/project_clearpath/install/project_clearpath/include/gtest/gtest-test-part.h
[26.797s] -- Installing: /home/tathyab/clearpath_ws/project_clearpath/install/project_clearpath/include/gtest/gtest-printers.h
[26.797s] -- Installing: /home/tathyab/clearpath_ws/project_clearpath/install/project_clearpath/include/gtest/gtest-spi.h
[26.797s] -- Installing: /home/tathyab/clearpath_ws/project_clearpath/install/project_clearpath/include/gtest/gtest_prod.h
[26.797s] -- Installing: /home/tathyab/clearpath_ws/project_clearpath/install/project_clearpath/include/gtest/gtest_pred_impl.h
[26.797s] -- Installing: /home/tathyab/clearpath_ws/project_clearpath/install/project_clearpath/include/gtest/gtest-matchers.h
[26.798s] -- Installing: /home/tathyab/clearpath_ws/project_clearpath/install/project_clearpath/include/gtest/gtest-param-test.h
[26.798s] -- Installing: /home/tathyab/clearpath_ws/project_clearpath/install/project_clearpath/include/gtest/gtest.h
[26.798s] -- Installing: /home/tathyab/clearpath_ws/project_clearpath/install/project_clearpath/include/gtest/gtest-death-test.h
[26.798s] -- Installing: /home/tathyab/clearpath_ws/project_clearpath/install/project_clearpath/include/gtest/gtest-typed-test.h
[26.798s] -- Installing: /home/tathyab/clearpath_ws/project_clearpath/install/project_clearpath/lib/libgtest.a
[26.809s] -- Installing: /home/tathyab/clearpath_ws/project_clearpath/install/project_clearpath/lib/libgtest_main.a
[26.809s] -- Installing: /home/tathyab/clearpath_ws/project_clearpath/install/project_clearpath/lib/pkgconfig/gtest.pc
[26.809s] -- Installing: /home/tathyab/clearpath_ws/project_clearpath/install/project_clearpath/lib/pkgconfig/gtest_main.pc
[26.810s] -- Installing: /home/tathyab/clearpath_ws/project_clearpath/install/project_clearpath/lib/project_clearpath/collector_node
[26.834s] -- Set runtime path of "/home/tathyab/clearpath_ws/project_clearpath/install/project_clearpath/lib/project_clearpath/collector_node" to ""
[26.836s] Invoked command in '/home/tathyab/clearpath_ws/project_clearpath/build/project_clearpath' returned '0': CMAKE_PREFIX_PATH=${CMAKE_PREFIX_PATH}:/opt/ros/humble /usr/bin/cmake --install /home/tathyab/clearpath_ws/project_clearpath/build/project_clearpath
