[0.092s] DEBUG:colcon:Command line arguments: ['/usr/bin/colcon', 'build', '--cmake-args', '-DCMAKE_CXX_FLAGS=--coverage', '-DCMAKE_C_FLAGS=--coverage', '-DCMAKE_BUILD_TYPE=Debug']
[0.092s] DEBUG:colcon:Parsed command line arguments: Namespace(log_base=None, log_level=None, verb_name='build', build_base='build', install_base='install', merge_install=False, symlink_install=False, test_result_base=None, continue_on_error=False, executor='parallel', parallel_workers=12, event_handlers=None, ignore_user_meta=False, metas=['./colcon.meta'], base_paths=['.'], packages_ignore=None, packages_ignore_regex=None, paths=None, packages_up_to=None, packages_up_to_regex=None, packages_above=None, packages_above_and_dependencies=None, packages_above_depth=None, packages_select_by_dep=None, packages_skip_by_dep=None, packages_skip_up_to=None, packages_select_build_failed=False, packages_skip_build_finished=False, packages_select_test_failures=False, packages_skip_test_passed=False, packages_select=None, packages_skip=None, packages_select_regex=None, packages_skip_regex=None, packages_start=None, packages_end=None, allow_overriding=[], cmake_args=['-DCMAKE_CXX_FLAGS=--coverage', '-DCMAKE_C_FLAGS=--coverage', '-DCMAKE_BUILD_TYPE=Debug'], cmake_target=None, cmake_target_skip_unavailable=False, cmake_clean_cache=False, cmake_clean_first=False, cmake_force_configure=False, ament_cmake_args=None, catkin_cmake_args=None, catkin_skip_building_tests=False, mixin_files=None, mixin=None, verb_parser=<colcon_mixin.mixin.mixin_argument.MixinArgumentDecorator object at 0x79593d43f430>, verb_extension=<colcon_core.verb.build.BuildVerb object at 0x79593d533b20>, main=<bound method BuildVerb.main of <colcon_core.verb.build.BuildVerb object at 0x79593d533b20>>, mixin_verb=('build',))
[0.264s] Level 1:colcon.colcon_core.package_discovery:discover_packages(colcon_meta) check parameters
[0.264s] Level 1:colcon.colcon_core.package_discovery:discover_packages(recursive) check parameters
[0.264s] Level 1:colcon.colcon_core.package_discovery:discover_packages(ignore) check parameters
[0.264s] Level 1:colcon.colcon_core.package_discovery:discover_packages(path) check parameters
[0.264s] Level 1:colcon.colcon_core.package_discovery:discover_packages(colcon_meta) discover
[0.264s] Level 1:colcon.colcon_core.package_discovery:discover_packages(recursive) discover
[0.264s] INFO:colcon.colcon_core.package_discovery:Crawling recursively for packages in '/home/tathyab/clearpath_ws/project_clearpath'
[0.264s] Level 1:colcon.colcon_core.package_identification:_identify(.) by extensions ['ignore', 'ignore_ament_install']
[0.264s] Level 1:colcon.colcon_core.package_identification:_identify(.) by extension 'ignore'
[0.264s] Level 1:colcon.colcon_core.package_identification:_identify(.) by extension 'ignore_ament_install'
[0.265s] Level 1:colcon.colcon_core.package_identification:_identify(.) by extensions ['colcon_pkg']
[0.265s] Level 1:colcon.colcon_core.package_identification:_identify(.) by extension 'colcon_pkg'
[0.265s] Level 1:colcon.colcon_core.package_identification:_identify(.) by extensions ['colcon_meta']
[0.265s] Level 1:colcon.colcon_core.package_identification:_identify(.) by extension 'colcon_meta'
[0.265s] Level 1:colcon.colcon_core.package_identification:_identify(.) by extensions ['ros']
[0.265s] Level 1:colcon.colcon_core.package_identification:_identify(.) by extension 'ros'
[0.282s] DEBUG:colcon.colcon_core.package_identification:Package '.' with type 'ros.ament_cmake' and name 'project_clearpath'
[0.282s] Level 1:colcon.colcon_core.package_discovery:discover_packages(recursive) using defaults
[0.282s] Level 1:colcon.colcon_core.package_discovery:discover_packages(ignore) discover
[0.282s] Level 1:colcon.colcon_core.package_discovery:discover_packages(ignore) using defaults
[0.282s] Level 1:colcon.colcon_core.package_discovery:discover_packages(path) discover
[0.282s] Level 1:colcon.colcon_core.package_discovery:discover_packages(path) using defaults
[0.296s] Level 1:colcon.colcon_core.package_discovery:discover_packages(prefix_path) check parameters
[0.296s] Level 1:colcon.colcon_core.package_discovery:discover_packages(prefix_path) discover
[0.297s] DEBUG:colcon.colcon_installed_package_information.package_discovery:Found 1 installed packages in /home/tathyab/clearpath_ws/install
[0.299s] DEBUG:colcon.colcon_installed_package_information.package_discovery:Found 425 installed packages in /opt/ros/humble
[0.301s] Level 1:colcon.colcon_core.package_discovery:discover_packages(prefix_path) using defaults
[0.352s] Level 5:colcon.colcon_core.verb:set package 'project_clearpath' build argument 'cmake_args' from command line to '['-DCMAKE_CXX_FLAGS=--coverage', '-DCMAKE_C_FLAGS=--coverage', '-DCMAKE_BUILD_TYPE=Debug']'
[0.352s] Level 5:colcon.colcon_core.verb:set package 'project_clearpath' build argument 'cmake_target' from command line to 'None'
[0.352s] Level 5:colcon.colcon_core.verb:set package 'project_clearpath' build argument 'cmake_target_skip_unavailable' from command line to 'False'
[0.352s] Level 5:colcon.colcon_core.verb:set package 'project_clearpath' build argument 'cmake_clean_cache' from command line to 'False'
[0.352s] Level 5:colcon.colcon_core.verb:set package 'project_clearpath' build argument 'cmake_clean_first' from command line to 'False'
[0.352s] Level 5:colcon.colcon_core.verb:set package 'project_clearpath' build argument 'cmake_force_configure' from command line to 'False'
[0.352s] Level 5:colcon.colcon_core.verb:set package 'project_clearpath' build argument 'ament_cmake_args' from command line to 'None'
[0.352s] Level 5:colcon.colcon_core.verb:set package 'project_clearpath' build argument 'catkin_cmake_args' from command line to 'None'
[0.352s] Level 5:colcon.colcon_core.verb:set package 'project_clearpath' build argument 'catkin_skip_building_tests' from command line to 'False'
[0.352s] DEBUG:colcon.colcon_core.verb:Building package 'project_clearpath' with the following arguments: {'ament_cmake_args': None, 'build_base': '/home/tathyab/clearpath_ws/project_clearpath/build/project_clearpath', 'catkin_cmake_args': None, 'catkin_skip_building_tests': False, 'cmake_args': ['-DCMAKE_CXX_FLAGS=--coverage', '-DCMAKE_C_FLAGS=--coverage', '-DCMAKE_BUILD_TYPE=Debug'], 'cmake_clean_cache': False, 'cmake_clean_first': False, 'cmake_force_configure': False, 'cmake_target': None, 'cmake_target_skip_unavailable': False, 'install_base': '/home/tathyab/clearpath_ws/project_clearpath/install/project_clearpath', 'merge_install': False, 'path': '/home/tathyab/clearpath_ws/project_clearpath', 'symlink_install': False, 'test_result_base': None}
[0.352s] INFO:colcon.colcon_core.executor:Executing jobs using 'parallel' executor
[0.353s] DEBUG:colcon.colcon_parallel_executor.executor.parallel:run_until_complete
[0.353s] INFO:colcon.colcon_ros.task.ament_cmake.build:Building ROS package in '/home/tathyab/clearpath_ws/project_clearpath' with build type 'ament_cmake'
[0.353s] INFO:colcon.colcon_cmake.task.cmake.build:Building CMake package in '/home/tathyab/clearpath_ws/project_clearpath'
[0.355s] INFO:colcon.colcon_core.plugin_system:Skipping extension 'colcon_core.shell.bat': Not used on non-Windows systems
[0.355s] INFO:colcon.colcon_core.shell:Skip shell extension 'powershell' for command environment: Not usable outside of PowerShell
[0.355s] DEBUG:colcon.colcon_core.shell:Skip shell extension 'dsv' for command environment
[0.363s] DEBUG:colcon.colcon_core.event_handler.log_command:Invoking command in '/home/tathyab/clearpath_ws/project_clearpath/build/project_clearpath': CMAKE_PREFIX_PATH=${CMAKE_PREFIX_PATH}:/opt/ros/humble /usr/bin/cmake /home/tathyab/clearpath_ws/project_clearpath -DCMAKE_CXX_FLAGS=--coverage -DCMAKE_C_FLAGS=--coverage -DCMAKE_BUILD_TYPE=Debug -DCMAKE_INSTALL_PREFIX=/home/tathyab/clearpath_ws/project_clearpath/install/project_clearpath
[4.444s] DEBUG:colcon.colcon_core.event_handler.log_command:Invoked command in '/home/tathyab/clearpath_ws/project_clearpath/build/project_clearpath' returned '0': CMAKE_PREFIX_PATH=${CMAKE_PREFIX_PATH}:/opt/ros/humble /usr/bin/cmake /home/tathyab/clearpath_ws/project_clearpath -DCMAKE_CXX_FLAGS=--coverage -DCMAKE_C_FLAGS=--coverage -DCMAKE_BUILD_TYPE=Debug -DCMAKE_INSTALL_PREFIX=/home/tathyab/clearpath_ws/project_clearpath/install/project_clearpath
[4.446s] DEBUG:colcon.colcon_core.event_handler.log_command:Invoking command in '/home/tathyab/clearpath_ws/project_clearpath/build/project_clearpath': CMAKE_PREFIX_PATH=${CMAKE_PREFIX_PATH}:/opt/ros/humble /usr/bin/cmake --build /home/tathyab/clearpath_ws/project_clearpath/build/project_clearpath -- -j12 -l12
[27.089s] DEBUG:colcon.colcon_core.event_handler.log_command:Invoked command in '/home/tathyab/clearpath_ws/project_clearpath/build/project_clearpath' returned '0': CMAKE_PREFIX_PATH=${CMAKE_PREFIX_PATH}:/opt/ros/humble /usr/bin/cmake --build /home/tathyab/clearpath_ws/project_clearpath/build/project_clearpath -- -j12 -l12
[27.128s] DEBUG:colcon.colcon_core.event_handler.log_command:Invoking command in '/home/tathyab/clearpath_ws/project_clearpath/build/project_clearpath': CMAKE_PREFIX_PATH=${CMAKE_PREFIX_PATH}:/opt/ros/humble /usr/bin/cmake --install /home/tathyab/clearpath_ws/project_clearpath/build/project_clearpath
[27.189s] Level 1:colcon.colcon_core.environment:create_environment_scripts_only(project_clearpath)
[27.190s] DEBUG:colcon.colcon_core.event_handler.log_command:Invoked command in '/home/tathyab/clearpath_ws/project_clearpath/build/project_clearpath' returned '0': CMAKE_PREFIX_PATH=${CMAKE_PREFIX_PATH}:/opt/ros/humble /usr/bin/cmake --install /home/tathyab/clearpath_ws/project_clearpath/build/project_clearpath
[27.192s] Level 1:colcon.colcon_core.environment:checking '/home/tathyab/clearpath_ws/project_clearpath/install/project_clearpath' for CMake module files
[27.192s] Level 1:colcon.colcon_core.environment:checking '/home/tathyab/clearpath_ws/project_clearpath/install/project_clearpath' for CMake config files
[27.192s] Level 1:colcon.colcon_core.shell:create_environment_hook('project_clearpath', 'cmake_prefix_path')
[27.193s] INFO:colcon.colcon_core.shell:Creating environment hook '/home/tathyab/clearpath_ws/project_clearpath/install/project_clearpath/share/project_clearpath/hook/cmake_prefix_path.ps1'
[27.194s] INFO:colcon.colcon_core.shell:Creating environment descriptor '/home/tathyab/clearpath_ws/project_clearpath/install/project_clearpath/share/project_clearpath/hook/cmake_prefix_path.dsv'
[27.194s] INFO:colcon.colcon_core.shell:Creating environment hook '/home/tathyab/clearpath_ws/project_clearpath/install/project_clearpath/share/project_clearpath/hook/cmake_prefix_path.sh'
[27.195s] Level 1:colcon.colcon_core.environment:checking '/home/tathyab/clearpath_ws/project_clearpath/install/project_clearpath/lib'
[27.195s] Level 1:colcon.colcon_core.environment:checking '/home/tathyab/clearpath_ws/project_clearpath/install/project_clearpath/bin'
[27.195s] Level 1:colcon.colcon_core.environment:checking '/home/tathyab/clearpath_ws/project_clearpath/install/project_clearpath/lib/pkgconfig/project_clearpath.pc'
[27.195s] Level 1:colcon.colcon_core.environment:checking '/home/tathyab/clearpath_ws/project_clearpath/install/project_clearpath/lib/python3.10/site-packages'
[27.196s] Level 1:colcon.colcon_core.environment:checking '/home/tathyab/clearpath_ws/project_clearpath/install/project_clearpath/bin'
[27.196s] INFO:colcon.colcon_core.shell:Creating package script '/home/tathyab/clearpath_ws/project_clearpath/install/project_clearpath/share/project_clearpath/package.ps1'
[27.197s] INFO:colcon.colcon_core.shell:Creating package descriptor '/home/tathyab/clearpath_ws/project_clearpath/install/project_clearpath/share/project_clearpath/package.dsv'
[27.197s] INFO:colcon.colcon_core.shell:Creating package script '/home/tathyab/clearpath_ws/project_clearpath/install/project_clearpath/share/project_clearpath/package.sh'
[27.198s] INFO:colcon.colcon_core.shell:Creating package script '/home/tathyab/clearpath_ws/project_clearpath/install/project_clearpath/share/project_clearpath/package.bash'
[27.199s] INFO:colcon.colcon_core.shell:Creating package script '/home/tathyab/clearpath_ws/project_clearpath/install/project_clearpath/share/project_clearpath/package.zsh'
[27.200s] Level 1:colcon.colcon_core.environment:create_file_with_runtime_dependencies(/home/tathyab/clearpath_ws/project_clearpath/install/project_clearpath/share/colcon-core/packages/project_clearpath)
[27.229s] Level 1:colcon.colcon_core.environment:create_environment_scripts_only(project_clearpath)
[27.229s] Level 1:colcon.colcon_core.environment:checking '/home/tathyab/clearpath_ws/project_clearpath/install/project_clearpath' for CMake module files
[27.230s] Level 1:colcon.colcon_core.environment:checking '/home/tathyab/clearpath_ws/project_clearpath/install/project_clearpath' for CMake config files
[27.230s] Level 1:colcon.colcon_core.shell:create_environment_hook('project_clearpath', 'cmake_prefix_path')
[27.230s] INFO:colcon.colcon_core.shell:Creating environment hook '/home/tathyab/clearpath_ws/project_clearpath/install/project_clearpath/share/project_clearpath/hook/cmake_prefix_path.ps1'
[27.231s] INFO:colcon.colcon_core.shell:Creating environment descriptor '/home/tathyab/clearpath_ws/project_clearpath/install/project_clearpath/share/project_clearpath/hook/cmake_prefix_path.dsv'
[27.231s] INFO:colcon.colcon_core.shell:Creating environment hook '/home/tathyab/clearpath_ws/project_clearpath/install/project_clearpath/share/project_clearpath/hook/cmake_prefix_path.sh'
[27.232s] Level 1:colcon.colcon_core.environment:checking '/home/tathyab/clearpath_ws/project_clearpath/install/project_clearpath/lib'
[27.232s] Level 1:colcon.colcon_core.environment:checking '/home/tathyab/clearpath_ws/project_clearpath/install/project_clearpath/bin'
[27.232s] Level 1:colcon.colcon_core.environment:checking '/home/tathyab/clearpath_ws/project_clearpath/install/project_clearpath/lib/pkgconfig/project_clearpath.pc'
[27.232s] Level 1:colcon.colcon_core.environment:checking '/home/tathyab/clearpath_ws/project_clearpath/install/project_clearpath/lib/python3.10/site-packages'
[27.232s] Level 1:colcon.colcon_core.environment:checking '/home/tathyab/clearpath_ws/project_clearpath/install/project_clearpath/bin'
[27.232s] INFO:colcon.colcon_core.shell:Creating package script '/home/tathyab/clearpath_ws/project_clearpath/install/project_clearpath/share/project_clearpath/package.ps1'
[27.233s] INFO:colcon.colcon_core.shell:Creating package descriptor '/home/tathyab/clearpath_ws/project_clearpath/install/project_clearpath/share/project_clearpath/package.dsv'
[27.234s] INFO:colcon.colcon_core.shell:Creating package script '/home/tathyab/clearpath_ws/project_clearpath/install/project_clearpath/share/project_clearpath/package.sh'
[27.234s] INFO:colcon.colcon_core.shell:Creating package script '/home/tathyab/clearpath_ws/project_clearpath/install/project_clearpath/share/project_clearpath/package.bash'
[27.234s] INFO:colcon.colcon_core.shell:Creating package script '/home/tathyab/clearpath_ws/project_clearpath/install/project_clearpath/share/project_clearpath/package.zsh'
[27.235s] Level 1:colcon.colcon_core.environment:create_file_with_runtime_dependencies(/home/tathyab/clearpath_ws/project_clearpath/install/project_clearpath/share/colcon-core/packages/project_clearpath)
[27.235s] DEBUG:colcon.colcon_parallel_executor.executor.parallel:closing loop
[27.235s] DEBUG:colcon.colcon_parallel_executor.executor.parallel:loop closed
[27.235s] DEBUG:colcon.colcon_parallel_executor.executor.parallel:run_until_complete finished with '0'
[27.235s] DEBUG:colcon.colcon_core.event_reactor:joining thread
[27.240s] INFO:colcon.colcon_core.plugin_system:Skipping extension 'colcon_notification.desktop_notification.terminal_notifier': Not used on non-Darwin systems
[27.240s] INFO:colcon.colcon_core.plugin_system:Skipping extension 'colcon_notification.desktop_notification.win32': Not used on non-Windows systems
[27.240s] INFO:colcon.colcon_notification.desktop_notification:Sending desktop notification using 'notify2'
[27.251s] DEBUG:colcon.colcon_core.event_reactor:joined thread
[27.251s] INFO:colcon.colcon_core.shell:Creating prefix script '/home/tathyab/clearpath_ws/project_clearpath/install/local_setup.ps1'
[27.252s] INFO:colcon.colcon_core.shell:Creating prefix util module '/home/tathyab/clearpath_ws/project_clearpath/install/_local_setup_util_ps1.py'
[27.253s] INFO:colcon.colcon_core.shell:Creating prefix chain script '/home/tathyab/clearpath_ws/project_clearpath/install/setup.ps1'
[27.255s] INFO:colcon.colcon_core.shell:Creating prefix script '/home/tathyab/clearpath_ws/project_clearpath/install/local_setup.sh'
[27.255s] INFO:colcon.colcon_core.shell:Creating prefix util module '/home/tathyab/clearpath_ws/project_clearpath/install/_local_setup_util_sh.py'
[27.256s] INFO:colcon.colcon_core.shell:Creating prefix chain script '/home/tathyab/clearpath_ws/project_clearpath/install/setup.sh'
[27.257s] INFO:colcon.colcon_core.shell:Creating prefix script '/home/tathyab/clearpath_ws/project_clearpath/install/local_setup.bash'
[27.257s] INFO:colcon.colcon_core.shell:Creating prefix chain script '/home/tathyab/clearpath_ws/project_clearpath/install/setup.bash'
[27.258s] INFO:colcon.colcon_core.shell:Creating prefix script '/home/tathyab/clearpath_ws/project_clearpath/install/local_setup.zsh'
[27.258s] INFO:colcon.colcon_core.shell:Creating prefix chain script '/home/tathyab/clearpath_ws/project_clearpath/install/setup.zsh'
